INFO:root:Started
CRITICAL:root:Patch 0 of world <world.World object at 0x00000245430C3748> has no worldmap!
INFO:root:Started
CRITICAL:root:Patch 0 of world <world.World object at 0x000001E9E24242E8> has no worldmap!
INFO:root:Started
CRITICAL:root:Patch 0 of world <world.World object at 0x0000025B7E2B0EF0> has no worldmap!
INFO:root:Started
CRITICAL:root:Patch 0 of world <world.World object at 0x0000027B5CEF3748> has no worldmap!
INFO:root:Started
CRITICAL:root:Patch 0 of world <world.World object at 0x000001C5C5957F28> has no worldmap!
INFO:root:Started
INFO:root:Started
INFO:root:Started
INFO:root:Started
INFO:root:Started
INFO:root:Started
INFO:root:Patch 0 created
INFO:root:Worldmap node 0 mapped to patch 0.
INFO:root:Patch 1 created
INFO:root:Worldmap node 1 mapped to patch 1.
INFO:root:Patch 2 created
INFO:root:Worldmap node 2 mapped to patch 2.
INFO:root:Patch 3 created
INFO:root:Worldmap node 3 mapped to patch 3.
INFO:root:Patch 4 created
INFO:root:Worldmap node 4 mapped to patch 4.
INFO:root:Patch 5 created
INFO:root:Worldmap node 5 mapped to patch 5.
INFO:root:Patch 6 created
INFO:root:Worldmap node 6 mapped to patch 6.
INFO:root:Patch 7 created
INFO:root:Worldmap node 7 mapped to patch 7.
INFO:root:Patch 8 created
INFO:root:Worldmap node 8 mapped to patch 8.
INFO:root:Patch 9 created
INFO:root:Worldmap node 9 mapped to patch 9.
INFO:root:Patch 10 created
INFO:root:Worldmap node 10 mapped to patch 10.
INFO:root:Patch 11 created
INFO:root:Worldmap node 11 mapped to patch 11.
INFO:root:Patch 12 created
INFO:root:Worldmap node 12 mapped to patch 12.
INFO:root:Patch 13 created
INFO:root:Worldmap node 13 mapped to patch 13.
INFO:root:Patch 14 created
INFO:root:Worldmap node 14 mapped to patch 14.
INFO:root:Patch 15 created
INFO:root:Worldmap node 15 mapped to patch 15.
INFO:root:Patch 16 created
INFO:root:Worldmap node 16 mapped to patch 16.
INFO:root:Patch 17 created
INFO:root:Worldmap node 17 mapped to patch 17.
INFO:root:Patch 18 created
INFO:root:Worldmap node 18 mapped to patch 18.
INFO:root:Patch 19 created
INFO:root:Worldmap node 19 mapped to patch 19.
INFO:root:World 1 created.
